TN:
SF:src\types.ts
FNF:0
FNH:0
LF:0
LH:0
BRF:0
BRH:0
end_of_record
TN:
SF:src\components\ConfirmDeleteDialog.tsx
FN:11,ConfirmDeleteDialog
FNF:1
FNH:1
FNDA:14,ConfirmDeleteDialog
DA:17,14
LF:1
LH:1
BRDA:23,0,0,4
BRDA:23,0,1,10
BRF:2
BRH:2
end_of_record
TN:
SF:src\components\StatusBadge.tsx
FN:4,StatusBadge
FNF:1
FNH:1
FNDA:2,StatusBadge
DA:5,2
DA:6,2
DA:8,2
LF:3
LH:3
BRDA:5,0,0,1
BRDA:5,0,1,1
BRDA:6,1,0,1
BRDA:6,1,1,1
BRF:4
BRH:4
end_of_record
TN:
SF:src\components\TaskCard.tsx
FN:10,TaskCard
FN:23,(anonymous_1)
FNF:2
FNH:2
FNDA:23,TaskCard
FNDA:1,(anonymous_1)
DA:11,23
DA:12,23
DA:23,1
LF:3
LH:3
BRDA:19,0,0,8
BRDA:19,0,1,15
BRDA:20,1,0,8
BRDA:20,1,1,15
BRF:4
BRH:4
end_of_record
TN:
SF:src\components\TaskForm.tsx
FN:8,TaskForm
FN:11,(anonymous_1)
FNF:2
FNH:2
FNDA:20,TaskForm
FNDA:5,(anonymous_1)
DA:9,20
DA:11,20
DA:12,5
DA:13,3
DA:16,20
LF:5
LH:5
BRDA:12,0,0,2
BRDA:12,0,1,3
BRF:2
BRH:2
end_of_record
TN:
SF:src\components\TaskList.tsx
FN:11,TaskList
FN:11,(anonymous_1)
FN:23,(anonymous_2)
FN:24,(anonymous_3)
FNF:4
FNH:3
FNDA:13,TaskList
FNDA:0,(anonymous_1)
FNDA:21,(anonymous_2)
FNDA:16,(anonymous_3)
DA:12,13
DA:13,5
DA:16,8
DA:23,21
DA:24,16
LF:5
LH:5
BRDA:11,0,0,3
BRDA:12,1,0,5
BRDA:12,1,1,8
BRDA:19,2,0,1
BRDA:19,2,1,7
BRF:5
BRH:5
end_of_record
TN:
SF:src\hooks\useCounter.ts
FN:3,useCounter
FN:6,(anonymous_1)
FN:6,(anonymous_2)
FN:7,(anonymous_3)
FN:7,(anonymous_4)
FN:8,(anonymous_5)
FNF:6
FNH:6
FNDA:9,useCounter
FNDA:3,(anonymous_1)
FNDA:3,(anonymous_2)
FNDA:1,(anonymous_3)
FNDA:1,(anonymous_4)
FNDA:1,(anonymous_5)
DA:4,9
DA:6,9
DA:7,9
DA:8,9
DA:10,9
LF:5
LH:5
BRDA:3,0,0,3
BRF:1
BRH:1
end_of_record
TN:
SF:src\hooks\useCreateTask.ts
FN:5,useCreateTask
FN:9,(anonymous_1)
FN:12,(anonymous_2)
FN:15,(anonymous_3)
FN:19,(anonymous_4)
FN:26,(anonymous_5)
FN:27,(anonymous_6)
FN:27,(anonymous_7)
FNF:8
FNH:7
FNDA:22,useCreateTask
FNDA:7,(anonymous_1)
FNDA:0,(anonymous_2)
FNDA:5,(anonymous_3)
FNDA:3,(anonymous_4)
FNDA:1,(anonymous_5)
FNDA:1,(anonymous_6)
FNDA:1,(anonymous_7)
DA:6,22
DA:7,22
DA:9,22
DA:10,7
DA:12,0
DA:15,22
DA:16,5
DA:17,5
DA:18,5
DA:19,3
DA:20,3
DA:22,2
DA:26,22
DA:27,1
DA:30,22
LF:15
LH:14
BRF:0
BRH:0
end_of_record
TN:
SF:src\hooks\useTaskList.ts
FN:5,useTaskList
FN:9,(anonymous_1)
FN:16,(anonymous_2)
FN:19,(anonymous_3)
FN:20,(anonymous_4)
FN:20,(anonymous_5)
FNF:6
FNH:6
FNDA:10,useTaskList
FNDA:4,(anonymous_1)
FNDA:2,(anonymous_2)
FNDA:1,(anonymous_3)
FNDA:1,(anonymous_4)
FNDA:2,(anonymous_5)
DA:6,10
DA:7,10
DA:9,10
DA:10,4
DA:11,2
DA:12,2
DA:14,2
DA:15,2
DA:16,2
DA:19,10
DA:20,2
DA:23,10
DA:25,10
LF:13
LH:13
BRDA:5,0,0,8
BRDA:10,1,0,2
BRDA:10,1,1,2
BRF:3
BRH:3
end_of_record
TN:
SF:src\schemas\taskSchema.ts
FNF:0
FNH:0
DA:3,1
DA:10,1
LF:2
LH:2
BRF:0
BRH:0
end_of_record
TN:
SF:src\screens\CreateTaskScreen.tsx
FN:9,CreateTaskScreen
FN:14,(anonymous_1)
FN:37,(anonymous_2)
FN:38,(anonymous_3)
FNF:4
FNH:2
FNDA:10,CreateTaskScreen
FNDA:13,(anonymous_1)
FNDA:0,(anonymous_2)
FNDA:0,(anonymous_3)
DA:10,10
DA:11,10
DA:12,10
DA:14,13
DA:16,10
DA:37,0
DA:39,0
DA:40,0
LF:8
LH:5
BRDA:23,0,0,10
BRDA:23,0,1,1
BRDA:28,1,0,10
BRDA:28,1,1,1
BRDA:39,2,0,0
BRDA:39,2,1,0
BRF:6
BRH:4
end_of_record
TN:
SF:src\services\taskService.ts
FN:5,fetchTasks
FN:11,createTask
FNF:2
FNH:2
FNDA:3,fetchTasks
FNDA:2,createTask
DA:3,1
DA:6,3
DA:7,3
DA:8,3
DA:12,2
DA:17,2
DA:18,1
LF:7
LH:7
BRDA:7,0,0,0
BRDA:7,0,1,3
BRDA:17,1,0,1
BRDA:17,1,1,1
BRF:4
BRH:3
end_of_record
TN:
SF:src\utils\createTaskFromTitle.ts
FN:3,createTaskFromTitle
FNF:1
FNH:1
FNDA:6,createTaskFromTitle
DA:4,6
DA:6,6
DA:7,1
DA:10,5
DA:11,1
DA:14,4
LF:6
LH:6
BRDA:6,0,0,1
BRDA:6,0,1,5
BRDA:10,1,0,1
BRDA:10,1,1,4
BRF:4
BRH:4
end_of_record
TN:
SF:src\utils\filterTasks.ts
FN:7,filterTasksByStatus
FN:12,(anonymous_1)
FNF:2
FNH:2
FNDA:5,filterTasksByStatus
FNDA:12,(anonymous_1)
DA:5,1
DA:8,5
DA:9,1
DA:11,4
DA:12,12
LF:5
LH:5
BRDA:8,0,0,1
BRDA:8,0,1,4
BRDA:11,1,0,1
BRDA:11,1,1,3
BRF:4
BRH:4
end_of_record
TN:
SF:src\utils\validateTask.ts
FN:1,validateTaskTitle
FNF:1
FNH:1
FNDA:7,validateTaskTitle
DA:2,7
DA:3,2
DA:5,5
DA:6,1
DA:8,4
DA:9,1
DA:11,3
LF:7
LH:7
BRDA:2,0,0,2
BRDA:2,0,1,5
BRDA:2,1,0,7
BRDA:2,1,1,6
BRDA:5,2,0,1
BRDA:5,2,1,4
BRDA:8,3,0,1
BRDA:8,3,1,3
BRF:8
BRH:8
end_of_record
